C51 COMPILER V9.60.7.0   MAIN                                                              06/27/2024 12:20:32 PAGE 1   


C51 COMPILER V9.60.7.0, COMPILATION OF MODULE MAIN
OBJECT MODULE PLACED IN .\Objects\main.obj
COMPILER INVOKED BY: C:\Keil_v5\C51\BIN\C51.EXE main.c OPTIMIZE(8,SPEED) BROWSE DEBUG OBJECTEXTEND PRINT(.\Listings\main
                    -.lst) TABS(2) OBJECT(.\Objects\main.obj)

line level    source

   1          #include <REGX52.H>
   2          void Delay1ms(unsigned int xms) //@11.0592MHz
   3          {
   4   1        unsigned char data i, j;
   5   1        while(xms)
   6   1        {
   7   2          i = 2;
   8   2          j = 199;
   9   2          do
  10   2          {
  11   3            while (--j);
  12   3          } while (--i);
  13   2          
  14   2          xms--;
  15   2        
  16   2        }
  17   1        
  18   1        
  19   1      }
  20          
  21          void main()
  22          {
  23   1        while(1)
  24   1        {
  25   2          P2=0xFE;//1111 1110
  26   2          Delay1ms(500);
  27   2          P2=0xFD;//1111 1101
  28   2          Delay1ms(500);
  29   2          P2=0xFB;//1111 1011
  30   2          Delay1ms(500);
  31   2          P2=0xF7;//1111 0111
  32   2          Delay1ms(500);
  33   2          P2=0xEF;//1110 1111
  34   2          Delay1ms(500);
  35   2          P2=0xDF;//1101 1111
  36   2          Delay1ms(500);
  37   2          P2=0xBF;//1011 1111
  38   2          Delay1ms(500);
  39   2          P2=0x7F;//0111 1111
  40   2          Delay1ms(500);
  41   2        }
  42   1      
  43   1      
  44   1      }


MODULE INFORMATION:   STATIC OVERLAYABLE
   CODE SIZE        =     74    ----
   CONSTANT SIZE    =   ----    ----
   XDATA SIZE       =   ----    ----
   PDATA SIZE       =   ----    ----
   DATA SIZE        =   ----    ----
   IDATA SIZE       =   ----    ----
   BIT SIZE         =   ----    ----
C51 COMPILER V9.60.7.0   MAIN                                                              06/27/2024 12:20:32 PAGE 2   

END OF MODULE INFORMATION.


C51 COMPILATION COMPLETE.  0 WARNING(S),  0 ERROR(S)
