C51 COMPILER V9.60.7.0   MAIN                                                              08/28/2024 13:20:20 PAGE 1   


C51 COMPILER V9.60.7.0, COMPILATION OF MODULE MAIN
OBJECT MODULE PLACED IN .\Objects\main.obj
COMPILER INVOKED BY: D:\Program Files\keil5\C51\BIN\C51.EXE main.c OPTIMIZE(8,SPEED) BROWSE DEBUG OBJECTEXTEND PRINT(.\L
                    -istings\main.lst) OBJECT(.\Objects\main.obj)

line level    source

   1          #include <REGX52.H>
   2          #include "LCD1602.h"
   3          #include "XPT2046.h"
   4          #include "Delay.h"
   5          
   6          unsigned int ADValue;
   7          
   8                  
   9          void main()
  10          {
  11   1              LCD_Init();
  12   1              LCD_ShowString(1,1,"ADJ  NTC  RG");
  13   1      
  14   1              while(1)
  15   1              {
  16   2                      ADValue=XPT2046_ReadAD(XPT2046_XP_8);
  17   2                      LCD_ShowNum(2,1,ADValue,3);
  18   2                      ADValue=XPT2046_ReadAD(XPT2046_YP_8);
  19   2                      LCD_ShowNum(2,6,ADValue,3);
  20   2                      ADValue=XPT2046_ReadAD(XPT2046_VBAT_8);
  21   2                      LCD_ShowNum(2,10,ADValue,3);
  22   2                      Delay(500);
  23   2              }
  24   1      }


MODULE INFORMATION:   STATIC OVERLAYABLE
   CODE SIZE        =     94    ----
   CONSTANT SIZE    =     13    ----
   XDATA SIZE       =   ----    ----
   PDATA SIZE       =   ----    ----
   DATA SIZE        =      2    ----
   IDATA SIZE       =   ----    ----
   BIT SIZE         =   ----    ----
END OF MODULE INFORMATION.


C51 COMPILATION COMPLETE.  0 WARNING(S),  0 ERROR(S)
