C51 COMPILER V9.60.7.0   XPT2046                                                           08/28/2024 13:16:06 PAGE 1   


C51 COMPILER V9.60.7.0, COMPILATION OF MODULE XPT2046
OBJECT MODULE PLACED IN .\Objects\XPT2046.obj
COMPILER INVOKED BY: D:\Program Files\keil5\C51\BIN\C51.EXE XPT2046.c OPTIMIZE(8,SPEED) BROWSE DEBUG OBJECTEXTEND PRINT(
                    -.\Listings\XPT2046.lst) OBJECT(.\Objects\XPT2046.obj)

line level    source

   1          #include <REGX52.H>
   2          #include "Delay.h"
   3          
   4          sbit XPT2046_CS=P3^5;
   5          sbit XPT2046_DIN=P3^4;
   6          sbit XPT2046_DCLK=P3^6;
   7          sbit XPT2046_DOUT=P3^7;
   8          
   9          unsigned int XPT2046_ReadAD(unsigned char Command)
  10          {
  11   1              unsigned int ADValue=0;
  12   1              unsigned char i;
  13   1              
  14   1              XPT2046_DCLK=0;
  15   1              XPT2046_CS=0;
  16   1              for(i=0;i<8;i++)
  17   1              {
  18   2                      XPT2046_DIN=Command&(0x80>>i);
  19   2                      XPT2046_DCLK=1;
  20   2                      XPT2046_DCLK=0;
  21   2              }
  22   1              for(i=0;i<16;i++)
  23   1              {
  24   2                      XPT2046_DCLK=1;
  25   2                      XPT2046_DCLK=0;
  26   2                      if(XPT2046_DOUT){ADValue|=(0x8000>>i);}
  27   2                      Delay(1);
  28   2              }
  29   1              XPT2046_CS=1;
  30   1              if(Command&0x08)
  31   1              {
  32   2                      return ADValue>>8;
  33   2              }
  34   1              else
  35   1              {
  36   2                      return ADValue>>4;
  37   2              }
  38   1      }
  39          
  40          


MODULE INFORMATION:   STATIC OVERLAYABLE
   CODE SIZE        =    125    ----
   CONSTANT SIZE    =   ----    ----
   XDATA SIZE       =   ----    ----
   PDATA SIZE       =   ----    ----
   DATA SIZE        =   ----       4
   IDATA SIZE       =   ----    ----
   BIT SIZE         =   ----    ----
END OF MODULE INFORMATION.


C51 COMPILATION COMPLETE.  0 WARNING(S),  0 ERROR(S)
