C51 COMPILER V9.60.7.0   MAIN                                                              08/18/2024 14:42:25 PAGE 1   


C51 COMPILER V9.60.7.0, COMPILATION OF MODULE MAIN
OBJECT MODULE PLACED IN .\Objects\main.obj
COMPILER INVOKED BY: D:\Program Files\keil5\C51\BIN\C51.EXE main.c OPTIMIZE(8,SPEED) BROWSE DEBUG OBJECTEXTEND PRINT(.\L
                    -istings\main.lst) OBJECT(.\Objects\main.obj)

line level    source

   1          #include <REGX52.H>
   2          #include "Delay.h"
   3          #include "MatrixLED.h"
   4          
   5          unsigned char code Animation[]={
   6                  0x00,0x00,0x00,0x00,0x00,0x00,0x00,0x00,
   7                  0x81,0xFF,0x81,0x00,0x10,0x38,0x7C,0x7E,
   8                  0x3F,0x3F,0x7E,0x7C,0x38,0x10,0x00,0xFF,
   9                  0x00,0x0E,0x11,0x11,0x0E,0x00,0x10,0x0E,
  10                  0x01,0x0E,0x10,0x00,0x0E,0x15,0x15,0x0C,
  11                  0x00,0x00,0x1D,0x05,0x1F,0x00,0x0E,0x11,
  12                  0x11,0x0E,0x00,0x1E,0x01,0x01,0x1E,0x01,
  13                  0x00,0x00,0x00,0x00,0x00,0x00,0x00,0x00,
  14                  };//放入code不能更改
  15          
  16          void main()
  17          {
  18   1              unsigned char i,Offset=0,Count=0;
  19   1              MatrixLED_Init();
  20   1              while(1)
  21   1              {
  22   2                      for(i=0;i<8;i++)
  23   2                      {
  24   3                              MatrixLED_ShowColumn(i,Animation[i+Offset]);
  25   3                      }
  26   2                      Count++;
  27   2                      if(Count>10)
  28   2                      {
  29   3                              Count=0;
  30   3                              Offset++;
  31   3                              if(Offset>56)
  32   3                              {
  33   4                                      Offset=0;
  34   4                              }
  35   3                      }
  36   2                      
  37   2              }
  38   1      }


MODULE INFORMATION:   STATIC OVERLAYABLE
   CODE SIZE        =     62    ----
   CONSTANT SIZE    =     64    ----
   XDATA SIZE       =   ----    ----
   PDATA SIZE       =   ----    ----
   DATA SIZE        =   ----       3
   IDATA SIZE       =   ----    ----
   BIT SIZE         =   ----    ----
END OF MODULE INFORMATION.


C51 COMPILATION COMPLETE.  0 WARNING(S),  0 ERROR(S)
