C51 COMPILER V9.60.7.0   MATRIXLED                                                         08/14/2024 20:01:11 PAGE 1   


C51 COMPILER V9.60.7.0, COMPILATION OF MODULE MATRIXLED
OBJECT MODULE PLACED IN .\Objects\MatrixLED.obj
COMPILER INVOKED BY: D:\Program Files\keil5\C51\BIN\C51.EXE MatrixLED.c OPTIMIZE(8,SPEED) BROWSE DEBUG OBJECTEXTEND PRIN
                    -T(.\Listings\MatrixLED.lst) OBJECT(.\Objects\MatrixLED.obj)

line level    source

   1          #include <REGX52.H>
   2          #include "Delay.h"
   3          
   4          sbit RCK=P3^5;
   5          sbit SCK=P3^6;
   6          sbit SER=P3^4;
   7          
   8          #define MATRIX_LED_PORT P0
   9          
  10          /**
  11            * @brief 74HC595写入一个字节
  12            * @param 要写入的字节
  13            * @retval 无
  14            */
  15          void _74HC595_WriteByte(unsigned char Byte)
  16          {
  17   1              unsigned char i;
  18   1              for(i=0;i<8;i++)
  19   1              {
  20   2                      SER=Byte&(0x80>>i);
  21   2                      SCK=1;//将数据移进去
  22   2                      SCK=0;//为下一次移进去做准备
  23   2              }
  24   1              RCK=1;
  25   1              RCK=0;
  26   1      //      SER=Byte&0x80;
  27   1      //      SCK=1;//将数据移进去
  28   1      //      SCK=0;//为下一次移进去做准备
  29   1      //      SER=Byte&0x40;
  30   1      //      SCK=1;//将数据移进去
  31   1      //      SCK=0;//为下一次移进去做准备
  32   1      //      SER=Byte&0x20;
  33   1      //      SCK=1;//将数据移进去
  34   1      //      SCK=0;//为下一次移进去做准备
  35   1      }
  36          /**
  37            * @brief 点阵屏初始化
  38            * @param 无
  39            * @retval 无
  40            */
  41          void MatrixLED_Init()
  42          {
  43   1              SCK=0;
  44   1              RCK=0;
  45   1      }
  46          
  47          
  48          /**
  49            * @brief LED点阵屏显示一列数据
  50            * @param Column 列，范围：0~7，0在最左边
  51            * @param Data 选择列要显示的数据，高位在上，1亮，0灭
  52            * @retval 无
  53            */
  54          void MatrixLED_ShowColumn(unsigned char Column,Data)
C51 COMPILER V9.60.7.0   MATRIXLED                                                         08/14/2024 20:01:11 PAGE 2   

  55          {
  56   1              _74HC595_WriteByte(Data);
  57   1              MATRIX_LED_PORT=~(0x80>>Column);//位选
  58   1              Delay(1);
  59   1              MATRIX_LED_PORT=0xFF;
  60   1      }


MODULE INFORMATION:   STATIC OVERLAYABLE
   CODE SIZE        =     84    ----
   CONSTANT SIZE    =   ----    ----
   XDATA SIZE       =   ----    ----
   PDATA SIZE       =   ----    ----
   DATA SIZE        =   ----    ----
   IDATA SIZE       =   ----    ----
   BIT SIZE         =   ----    ----
END OF MODULE INFORMATION.


C51 COMPILATION COMPLETE.  0 WARNING(S),  0 ERROR(S)
