C51 COMPILER V9.60.7.0   MAIN                                                              08/27/2024 18:19:01 PAGE 1   


C51 COMPILER V9.60.7.0, COMPILATION OF MODULE MAIN
OBJECT MODULE PLACED IN .\Objects\main.obj
COMPILER INVOKED BY: D:\Program Files\keil5\C51\BIN\C51.EXE main.c OPTIMIZE(8,SPEED) BROWSE DEBUG OBJECTEXTEND PRINT(.\L
                    -istings\main.lst) OBJECT(.\Objects\main.obj)

line level    source

   1          #include <REGX52.H>
   2          #include "Delay.h"
   3          #include "Key.h"
   4          #include "Nixie.h"
   5          #include "Timer0.h"
   6          
   7          //sbit LED=P2^0;
   8          sbit Motor=P1^0;
   9          
  10          unsigned char Counter,Compare;
  11          unsigned KeyNum,Speed;
  12          
  13          void main()
  14          {
  15   1              Timer0_Init();
  16   1              while(1)
  17   1              {
  18   2                      KeyNum=Key();
  19   2                      if(KeyNum==1)
  20   2                      {
  21   3                              Speed++;
  22   3                              Speed%=4;
  23   3                              if(Speed==0){Compare=0;}
  24   3                              if(Speed==1){Compare=5;}
  25   3                              if(Speed==2){Compare=40;}
  26   3                              if(Speed==3){Compare=100;}
  27   3      
  28   3                      }
  29   2                      Nixie(1,Speed);
  30   2              }
  31   1      }
  32          
  33          void Timer0_Routine() interrupt 1
  34          {
  35   1              TL0 = 0xA4;                             //设置定时初始值
  36   1              TH0 = 0xFF;                             //设置定时初始值
  37   1              Counter++;
  38   1              Counter%=100;
  39   1              if(Counter<Compare)
  40   1              {
  41   2                      Motor=0;//LED=0;
  42   2              }
  43   1              else
  44   1              {
  45   2                      Motor=1;//LED=1;
  46   2              }
  47   1      }


MODULE INFORMATION:   STATIC OVERLAYABLE
   CODE SIZE        =    128    ----
   CONSTANT SIZE    =   ----    ----
   XDATA SIZE       =   ----    ----
   PDATA SIZE       =   ----    ----
C51 COMPILER V9.60.7.0   MAIN                                                              08/27/2024 18:19:01 PAGE 2   

   DATA SIZE        =      6    ----
   IDATA SIZE       =   ----    ----
   BIT SIZE         =   ----    ----
END OF MODULE INFORMATION.


C51 COMPILATION COMPLETE.  0 WARNING(S),  0 ERROR(S)
