C51 COMPILER V9.60.7.0   MAIN                                                              06/27/2024 21:07:18 PAGE 1   


C51 COMPILER V9.60.7.0, COMPILATION OF MODULE MAIN
OBJECT MODULE PLACED IN .\Objects\main.obj
COMPILER INVOKED BY: C:\Keil_v5\C51\BIN\C51.EXE main.c OPTIMIZE(8,SPEED) BROWSE DEBUG OBJECTEXTEND PRINT(.\Listings\main
                    -.lst) OBJECT(.\Objects\main.obj)

line level    source

   1          #include <REGX52.H>
   2          
   3          void Delay(unsigned int xms)    //@11.0592MHz
   4          {
   5   1          unsigned char i, j;
   6   1          while (xms)
   7   1          {
   8   2              i = 2;
   9   2              j = 199;
  10   2              do
  11   2              {
  12   3                  while (--j);
  13   3              } while (--i);
  14   2              xms--;
  15   2          }
  16   1      }
  17          
  18          void main()
  19          {
  20   1          while (1)
  21   1          {
  22   2                      if(P3_1==0)
  23   2                      {
  24   3                              Delay(20);
  25   3                              while(P3_1==0);
  26   3                              Delay(20);
  27   3                              
  28   3                              P2_0=~P2_0;
  29   3                      
  30   3                      }
  31   2      //        P2_0 = 0;      // Set P2_0 to 0 (LED on if active low)
  32   2      //        Delay(500); // 500 ms delay
  33   2      //        P2_0 = 1;      // Set P2_0 to 1 (LED off if active low)
  34   2      //        Delay(500); // 500 ms delay
  35   2      
  36   2      //        P2_1 = 0;      // Set P2_1 to 0 (LED on if active low)
  37   2      //        Delay(500); // 500 ms delay
  38   2      //        P2_1 = 1;      // Set P2_1 to 1 (LED off if active low)
  39   2      //        Delay(500); // 500 ms delay
  40   2          }
  41   1      }


MODULE INFORMATION:   STATIC OVERLAYABLE
   CODE SIZE        =     44    ----
   CONSTANT SIZE    =   ----    ----
   XDATA SIZE       =   ----    ----
   PDATA SIZE       =   ----    ----
   DATA SIZE        =   ----    ----
   IDATA SIZE       =   ----    ----
   BIT SIZE         =   ----    ----
END OF MODULE INFORMATION.


C51 COMPILATION COMPLETE.  0 WARNING(S),  0 ERROR(S)
