C51 COMPILER V9.60.7.0   MAIN                                                              08/03/2024 12:59:08 PAGE 1   


C51 COMPILER V9.60.7.0, COMPILATION OF MODULE MAIN
OBJECT MODULE PLACED IN .\Objects\main.obj
COMPILER INVOKED BY: D:\Program Files\keil5\C51\BIN\C51.EXE main.c OPTIMIZE(8,SPEED) BROWSE DEBUG OBJECTEXTEND PRINT(.\L
                    -istings\main.lst) OBJECT(.\Objects\main.obj)

line level    source

   1          #include <REGX52.H>
   2          #include "Delay.h"
   3          #include "LCD1602.h"
   4          #include "MatrixKey.h"
   5          
   6          unsigned char KeyNum=0;
   7          unsigned int Password=0,Count=0;//0~65535
   8          
   9          void main()
  10          {
  11   1              LCD_Init();
  12   1              LCD_ShowString(1,2,"Password");
  13   1              while(1)
  14   1              {
  15   2                      KeyNum=MatrixKey();
  16   2                      if(KeyNum)
  17   2                      {
  18   3                              if(KeyNum<=10)//如果S1~S10按键按下，输入密码
  19   3                              {
  20   4                                      if(Count<4)
  21   4                                      {
  22   5                                              Password*=10;//密码左移一位
  23   5                                              Password+=KeyNum%10;//获取一位密码
  24   5                                              Count++;//计次加一
  25   5                                      }
  26   4                                      LCD_ShowNum(2,1,Password,4);
  27   4                              }
  28   3                              if(KeyNum==11)//确认键
  29   3                              {
  30   4                                      if(Password==2345)
  31   4                                      {
  32   5                                              LCD_ShowString(1,14,"OK ");
  33   5                                              Password=0;
  34   5                                              Count=0;
  35   5                                              LCD_ShowNum(2,1,Password,4);
  36   5                                      }
  37   4                                      else
  38   4                                      {
  39   5                                              LCD_ShowString(1,14,"ERR");
  40   5                                              Password=0;
  41   5                                              Count=0;
  42   5                                              LCD_ShowNum(2,1,Password,4);
  43   5                                      }
  44   4                              }
  45   3                              if(KeyNum==12)//取消键
  46   3                              {
  47   4                                      Password=0;
  48   4                                      Count=0;
  49   4                                      LCD_ShowNum(2,1,Password,4);
  50   4                              }
  51   3                              
  52   3                      }
  53   2              }
  54   1      }
C51 COMPILER V9.60.7.0   MAIN                                                              08/03/2024 12:59:08 PAGE 2   

  55          //0001
  56          //0010
  57          //0012
  58          //0127
  59          //1278


MODULE INFORMATION:   STATIC OVERLAYABLE
   CODE SIZE        =    189    ----
   CONSTANT SIZE    =     17    ----
   XDATA SIZE       =   ----    ----
   PDATA SIZE       =   ----    ----
   DATA SIZE        =      5    ----
   IDATA SIZE       =   ----    ----
   BIT SIZE         =   ----    ----
END OF MODULE INFORMATION.


C51 COMPILATION COMPLETE.  0 WARNING(S),  0 ERROR(S)
