C51 COMPILER V9.60.7.0   AT24C02                                                           08/27/2024 13:49:56 PAGE 1   


C51 COMPILER V9.60.7.0, COMPILATION OF MODULE AT24C02
OBJECT MODULE PLACED IN .\Objects\AT24C02.obj
COMPILER INVOKED BY: D:\Program Files\keil5\C51\BIN\C51.EXE AT24C02.c OPTIMIZE(8,SPEED) BROWSE DEBUG OBJECTEXTEND PRINT(
                    -.\Listings\AT24C02.lst) OBJECT(.\Objects\AT24C02.obj)

line level    source

   1          #include "REGX52.H"
   2          #include "I2C.h"
   3          
   4          
   5          #define AT24C02_ADDRESS  0xA0
   6          
   7          /**
   8            * @brief AT24C02写入一个字节
   9            * @param WordAddress要写入字节的地址
  10            * @param Data要写入的数据
  11            * @retval 无
  12            */
  13          void AT24C02_WriteByte(unsigned char WordAddress,Data)
  14          {
  15   1      //      unsigned char Ack;暂时不处理应答
  16   1              I2C_Start();
  17   1              I2C_SendByte(AT24C02_ADDRESS);
  18   1              I2C_ReceiveAck();
  19   1              I2C_SendByte(WordAddress);
  20   1              I2C_ReceiveAck();
  21   1              I2C_SendByte(Data);
  22   1              I2C_ReceiveAck();
  23   1              I2C_Stop();
  24   1      }
  25          
  26          
  27          /**
  28            * @brief  AT24C02读取一个字节
  29            * @param WordAddress要读取字节的地址
  30            * @retval Data要读出的数据
  31            */
  32          unsigned char AT24C02_ReadByte(unsigned char WordAddress)
  33          {
  34   1              unsigned char Data;
  35   1              I2C_Start();
  36   1              I2C_SendByte(AT24C02_ADDRESS);
  37   1              I2C_ReceiveAck();
  38   1              I2C_SendByte(WordAddress);
  39   1              I2C_ReceiveAck();
  40   1              
  41   1              I2C_Start();
  42   1              I2C_SendByte(AT24C02_ADDRESS|0x01);
  43   1              I2C_ReceiveAck();
  44   1              Data=I2C_ReceiveByte();
  45   1              I2C_SendAck(1);
  46   1              I2C_Stop();
  47   1      
  48   1              return Data;
  49   1      }


MODULE INFORMATION:   STATIC OVERLAYABLE
   CODE SIZE        =     84    ----
   CONSTANT SIZE    =   ----    ----
C51 COMPILER V9.60.7.0   AT24C02                                                           08/27/2024 13:49:56 PAGE 2   

   XDATA SIZE       =   ----    ----
   PDATA SIZE       =   ----    ----
   DATA SIZE        =   ----       5
   IDATA SIZE       =   ----    ----
   BIT SIZE         =   ----    ----
END OF MODULE INFORMATION.


C51 COMPILATION COMPLETE.  0 WARNING(S),  0 ERROR(S)
