C51 COMPILER V9.60.7.0   I2C                                                               08/27/2024 13:49:56 PAGE 1   


C51 COMPILER V9.60.7.0, COMPILATION OF MODULE I2C
OBJECT MODULE PLACED IN .\Objects\I2C.obj
COMPILER INVOKED BY: D:\Program Files\keil5\C51\BIN\C51.EXE I2C.c OPTIMIZE(8,SPEED) BROWSE DEBUG OBJECTEXTEND PRINT(.\Li
                    -stings\I2C.lst) OBJECT(.\Objects\I2C.obj)

line level    source

   1          #include <REGX52.H>
   2          
   3          sbit I2C_SCL=P2^1;
   4          sbit I2C_SDA=P2^0;
   5          
   6          /**
   7            * @brief I2C开始
   8            * @param 无
   9            * @retval 无
  10            */
  11          void I2C_Start(void)
  12          {
  13   1              I2C_SDA=1;
  14   1              I2C_SCL=1;
  15   1              I2C_SDA=0;
  16   1              I2C_SCL=0;
  17   1      }
  18          /**
  19            * @brief I2C停止
  20            * @param 无
  21            * @retval 无
  22            */
  23          
  24          void I2C_Stop(void)
  25          {
  26   1              I2C_SDA=0;
  27   1              I2C_SCL=1;
  28   1              I2C_SDA=1;
  29   1      }
  30          
  31          /**
  32            * @brief I2C发送一个字节
  33            * @param Byte
  34            * @retval 无
  35            */
  36          void I2C_SendByte(unsigned char Byte)
  37          {
  38   1              unsigned char i;
  39   1              for(i=0;i<8;i++)
  40   1              {
  41   2                      I2C_SDA=Byte&(0x80>>i);
  42   2                      I2C_SCL=1;
  43   2                      I2C_SCL=0;
  44   2              }
  45   1      }
  46          
  47          /**
  48            * @brief I2C接受一个字节
  49            * @param 无
  50            * @retval 无
  51            */
  52          unsigned char I2C_ReceiveByte(void)
  53          {
  54   1              unsigned char i,Byte=0x00;
C51 COMPILER V9.60.7.0   I2C                                                               08/27/2024 13:49:56 PAGE 2   

  55   1              
  56   1              I2C_SDA=1;
  57   1              for(i=0;i<8;i++)
  58   1              {
  59   2                      I2C_SCL=1;
  60   2                      if(I2C_SDA){Byte|=(0x80>>i);}
  61   2                      I2C_SCL=0;
  62   2              }
  63   1              return Byte;
  64   1      }
  65          
  66          /**
  67            * @brief I2C发送应答
  68            * @param AckBit，0为应答，1为非应答
  69            * @retval 无
  70            */
  71          void I2C_SendAck(unsigned char AckBit)
  72          {
  73   1              I2C_SDA=AckBit;
  74   1              I2C_SCL=1;
  75   1              I2C_SCL=0;
  76   1      }
  77          
  78          /**
  79            * @brief 接收应答
  80            * @param 无
  81            * @retval AckBit
  82            */
  83          unsigned char I2C_ReceiveAck(void)
  84          {
  85   1              unsigned char AckBit;
  86   1              I2C_SDA=1;
  87   1              I2C_SCL=1;
  88   1              AckBit=I2C_SDA;
  89   1              I2C_SCL=0;
  90   1              return AckBit;
  91   1      }


MODULE INFORMATION:   STATIC OVERLAYABLE
   CODE SIZE        =    109    ----
   CONSTANT SIZE    =   ----    ----
   XDATA SIZE       =   ----    ----
   PDATA SIZE       =   ----    ----
   DATA SIZE        =   ----    ----
   IDATA SIZE       =   ----    ----
   BIT SIZE         =   ----    ----
END OF MODULE INFORMATION.


C51 COMPILATION COMPLETE.  0 WARNING(S),  0 ERROR(S)
