C51 COMPILER V9.60.7.0   ONEWIRE                                                           08/27/2024 14:01:37 PAGE 1   


C51 COMPILER V9.60.7.0, COMPILATION OF MODULE ONEWIRE
OBJECT MODULE PLACED IN .\Objects\OneWire.obj
COMPILER INVOKED BY: D:\Program Files\keil5\C51\BIN\C51.EXE OneWire.c OPTIMIZE(8,SPEED) BROWSE DEBUG OBJECTEXTEND PRINT(
                    -.\Listings\OneWire.lst) OBJECT(.\Objects\OneWire.obj)

line level    source

   1          #include <REGX52.H>
   2          
   3          sbit OneWire_DQ=P3^7;
   4          
   5          /**
   6            * @brief OneWire初始化
   7            * @param 无
   8            * @retval AckBit 应答位
   9            */
  10          unsigned char OneWire_Init(void)
  11          {
  12   1              unsigned char data i;
  13   1              unsigned char AckBit;
  14   1              
  15   1              EA=0;
  16   1              OneWire_DQ=1;
  17   1              OneWire_DQ=0;
  18   1              i = 227;while (--i);//Delay 500us
  19   1              OneWire_DQ=1;
  20   1              i = 29;while (--i);//Delay 70us
  21   1              AckBit=OneWire_DQ;//从机拉低总线后会自动释放总线
  22   1              i=227;while(--i);//Delay 500us
  23   1              EA=1;
  24   1              return AckBit;
  25   1      }
  26          
  27          /**
  28            * @brief OneWire 发送一位
  29            * @param Bit要发送的数据
  30            * @retval 无
  31            */
  32          void OneWire_SendBit(unsigned char Bit)
  33          {
  34   1      
  35   1              unsigned char data i;
  36   1      
  37   1              EA=0;
  38   1              OneWire_DQ=0;
  39   1              i = 3;while (--i);//Delay10us
  40   1              OneWire_DQ=Bit;
  41   1              i = 22;while (--i);//Delay50us
  42   1              OneWire_DQ=1;
  43   1              EA=1;
  44   1      }
  45          
  46          /**
  47            * @brief OneWire接受一位
  48            * @param 无
  49            * @retval bit接收到的数据
  50            */
  51          unsigned char OneWire_ReceiveBit(void)
  52          {
  53   1              unsigned char Bit;
  54   1              unsigned char i;
C51 COMPILER V9.60.7.0   ONEWIRE                                                           08/27/2024 14:01:37 PAGE 2   

  55   1              
  56   1              EA=0;
  57   1              OneWire_DQ=0;
  58   1              i = 1;while (--i);//Delay5us
  59   1              OneWire_DQ=1;
  60   1              i = 1;while (--i);//Delay5us
  61   1              Bit=OneWire_DQ;
  62   1              i = 20;while (--i);//Delay50us
  63   1              EA=1;
  64   1              return Bit;
  65   1      }
  66          
  67          /**
  68            * @brief OneWire发送一个字节
  69            * @param Byte 要发送的字节
  70            * @retval 无
  71            */
  72          void OneWire_SendByte(unsigned char Byte)
  73          {
  74   1              unsigned char i;
  75   1              for(i=0;i<8;i++)
  76   1              {
  77   2                      OneWire_SendBit(Byte&(0x01<<i));
  78   2              }
  79   1      }
  80          
  81          /**
  82            * @brief OneWire接收一个字节
  83            * @param 无
  84            * @retval Byte要接收的数据
  85            */
  86          unsigned char OneWire_ReceiveByte(void)
  87          {
  88   1              unsigned char i;
  89   1              unsigned char Byte=0x00;
  90   1              for(i=0;i<8;i++)
  91   1              {
  92   2                      if(OneWire_ReceiveBit()){Byte|=(0x01<<i);}
  93   2              }
  94   1              return Byte;
  95   1      }


MODULE INFORMATION:   STATIC OVERLAYABLE
   CODE SIZE        =    134    ----
   CONSTANT SIZE    =   ----    ----
   XDATA SIZE       =   ----    ----
   PDATA SIZE       =   ----    ----
   DATA SIZE        =   ----    ----
   IDATA SIZE       =   ----    ----
   BIT SIZE         =   ----    ----
END OF MODULE INFORMATION.


C51 COMPILATION COMPLETE.  0 WARNING(S),  0 ERROR(S)
