C51 COMPILER V9.60.7.0   MAIN                                                              07/30/2024 22:20:55 PAGE 1   


C51 COMPILER V9.60.7.0, COMPILATION OF MODULE MAIN
OBJECT MODULE PLACED IN .\Objects\main.obj
COMPILER INVOKED BY: D:\Program Files\keil5\C51\BIN\C51.EXE main.c OPTIMIZE(8,SPEED) BROWSE DEBUG OBJECTEXTEND PRINT(.\L
                    -istings\main.lst) OBJECT(.\Objects\main.obj)

line level    source

   1          #include <REGX52.H>
   2          #include "LCD1602.h"
   3          #include "Delay.h"
   4          
   5          int Result=0;
   6          void main()
   7          {
   8   1              
   9   1              LCD_Init();
  10   1      //      Result=1+1;
  11   1              
  12   1      //      LCD_ShowChar(1,1,'A');
  13   1      //      LCD_ShowString(1,3,"Hello");
  14   1      //      LCD_ShowNum(1,9,123,3);
  15   1      //      LCD_ShowSignedNum(1,13,-66,2);
  16   1      //      LCD_ShowHexNum(2,1,0xA8,2);
  17   1      //      LCD_ShowBinNum(2,4,0xAA,8);
  18   1              while(1)
  19   1              {
  20   2                      Result++;
  21   2                      Delay(1000);
  22   2                      LCD_ShowNum(1,1,Result,3);
  23   2              }
  24   1      }


MODULE INFORMATION:   STATIC OVERLAYABLE
   CODE SIZE        =     34    ----
   CONSTANT SIZE    =   ----    ----
   XDATA SIZE       =   ----    ----
   PDATA SIZE       =   ----    ----
   DATA SIZE        =      2    ----
   IDATA SIZE       =   ----    ----
   BIT SIZE         =   ----    ----
END OF MODULE INFORMATION.


C51 COMPILATION COMPLETE.  0 WARNING(S),  0 ERROR(S)
