C51 COMPILER V9.60.7.0   MAIN                                                              07/09/2024 21:35:01 PAGE 1   


C51 COMPILER V9.60.7.0, COMPILATION OF MODULE MAIN
OBJECT MODULE PLACED IN .\Objects\main.obj
COMPILER INVOKED BY: C:\Keil_v5\C51\BIN\C51.EXE main.c OPTIMIZE(8,SPEED) BROWSE DEBUG OBJECTEXTEND PRINT(.\Listings\main
                    -.lst) OBJECT(.\Objects\main.obj)

line level    source

   1          #include<REGX52.H>
   2          
   3          
   4          void Delay(unsigned char xms)//@11.0592MHz
   5          {
   6   1              unsigned char i, j;
   7   1      
   8   1              while(xms--)
   9   1              {
  10   2                      i = 2;
  11   2                      j = 199;
  12   2      
  13   2                      do
  14   2                      {
  15   3                              while (--j);
  16   3                      } while (--i);
  17   2      
  18   2              }
  19   1      }
  20                  
  21          void main()
  22          {
  23   1              //P2=~0x01;//from P2_0
  24   1              unsigned char LEDNum=0;
  25   1                      
  26   1              while(1)
  27   1              {
  28   2                      if(P3_1==0)
  29   2                      {
  30   3                              Delay(20);
  31   3                              while(P3_1==0);
  32   3                              Delay(20);
  33   3                              
  34   3                              LEDNum++;
  35   3                              if(LEDNum>=8)
  36   3                              {
  37   4                                      LEDNum=0;
  38   4                              }
  39   3                              P2=~(0x01<<LEDNum);
  40   3                      }
  41   2                      if(P3_0==0)
  42   2                      {
  43   3                              Delay(20);
  44   3                              while(P3_0==0);
  45   3                              Delay(20);
  46   3                              
  47   3                              if(LEDNum==0)
  48   3                                      LEDNum=7;
  49   3                              else
  50   3                                      LEDNum--;
  51   3                              P2=~(0x01<<LEDNum);
  52   3                              
  53   3                              
  54   3                      }
C51 COMPILER V9.60.7.0   MAIN                                                              07/09/2024 21:35:01 PAGE 2   

  55   2              }       
  56   1      }


MODULE INFORMATION:   STATIC OVERLAYABLE
   CODE SIZE        =     98    ----
   CONSTANT SIZE    =   ----    ----
   XDATA SIZE       =   ----    ----
   PDATA SIZE       =   ----    ----
   DATA SIZE        =   ----    ----
   IDATA SIZE       =   ----    ----
   BIT SIZE         =   ----    ----
END OF MODULE INFORMATION.


C51 COMPILATION COMPLETE.  0 WARNING(S),  0 ERROR(S)
