C51 COMPILER V9.60.7.0   KEY                                                               08/25/2024 15:36:49 PAGE 1   


C51 COMPILER V9.60.7.0, COMPILATION OF MODULE KEY
OBJECT MODULE PLACED IN .\Objects\Key.obj
COMPILER INVOKED BY: D:\Program Files\keil5\C51\BIN\C51.EXE Key.c OPTIMIZE(8,SPEED) BROWSE DEBUG OBJECTEXTEND PRINT(.\Li
                    -stings\Key.lst) OBJECT(.\Objects\Key.obj)

line level    source

   1          #include <REGX52.H>
   2          #include "Delay.h"
   3          
   4          unsigned char Key_KeyNumber;
   5          
   6          unsigned char Key(void)
   7          {
   8   1              unsigned char Temp=0;
   9   1              Temp=Key_KeyNumber;
  10   1              Key_KeyNumber=0;
  11   1              return Temp;
  12   1      }
  13          
  14          /**
  15            * @brief 获取独立按键键码
  16            * @param 无
  17            * @retval 按下按键的键码，范围：0~4，无按键按下时返回0
  18            */
  19          unsigned char Key_GetState()
  20          {
  21   1              unsigned char KeyNumber=0;
  22   1              
  23   1              if(P3_1==0){KeyNumber=1;}
  24   1              if(P3_0==0){KeyNumber=2;}
  25   1              if(P3_2==0){KeyNumber=3;}
  26   1              if(P3_3==0){KeyNumber=4;}
  27   1              
  28   1              
  29   1              return KeyNumber;
  30   1      }
  31          
  32          void Key_Loop(void)
  33          {
  34   1              static unsigned char NowState,LastState;
  35   1              LastState=NowState;
  36   1              NowState=Key_GetState();
  37   1              
  38   1              if(LastState==1 && NowState==0)
  39   1              {
  40   2                      Key_KeyNumber=1;
  41   2              }
  42   1              
  43   1              if(LastState==2 && NowState==0)
  44   1              {
  45   2                      Key_KeyNumber=2;
  46   2              }
  47   1              
  48   1              if(LastState==3 && NowState==0)
  49   1              {
  50   2                      Key_KeyNumber=3;
  51   2              }
  52   1              
  53   1              if(LastState==4 && NowState==0)
  54   1              {
C51 COMPILER V9.60.7.0   KEY                                                               08/25/2024 15:36:49 PAGE 2   

  55   2                      Key_KeyNumber=4;
  56   2              }
  57   1      }


MODULE INFORMATION:   STATIC OVERLAYABLE
   CODE SIZE        =     85    ----
   CONSTANT SIZE    =   ----    ----
   XDATA SIZE       =   ----    ----
   PDATA SIZE       =   ----    ----
   DATA SIZE        =      3    ----
   IDATA SIZE       =   ----    ----
   BIT SIZE         =   ----    ----
END OF MODULE INFORMATION.


C51 COMPILATION COMPLETE.  0 WARNING(S),  0 ERROR(S)
