C51 COMPILER V9.60.7.0   MAIN                                                              08/25/2024 18:40:07 PAGE 1   


C51 COMPILER V9.60.7.0, COMPILATION OF MODULE MAIN
OBJECT MODULE PLACED IN .\Objects\main.obj
COMPILER INVOKED BY: D:\Program Files\keil5\C51\BIN\C51.EXE main.c OPTIMIZE(8,SPEED) BROWSE DEBUG OBJECTEXTEND PRINT(.\L
                    -istings\main.lst) OBJECT(.\Objects\main.obj)

line level    source

   1          #include <REGX52.H>
   2          #include "Delay.h"
   3          #include "LCD1602.h"
   4          #include "AT24C02.h"
   5          #include "Delay.h"
   6          #include "Key.h"
   7          #inlclude "Timer0.h"
*** WARNING C315 IN LINE 7 OF main.c: unknown #directive 'inlclude'
   8          #include "Nixie.h"
   9          
  10          unsigned char KeyNum;
  11          unsigned char Min,Sec,MiniSec;
  12          unsigned char RunFlag;
  13          void main()
  14          {
  15   1              Timer0_Init();
*** WARNING C206 IN LINE 15 OF main.c: 'Timer0_Init': missing function-prototype
  16   1              
  17   1              while(1)
  18   1              {
  19   2                      KeyNum=Key();
  20   2                      if(KeyNum==1)
  21   2                      {
  22   3                              RunFlag=!RunFlag;
  23   3                      }
  24   2                      if(KeyNum==2)
  25   2                      {
  26   3                              Min=0;
  27   3                              Sec=0;
  28   3                              MiniSec=0;
  29   3                      }
  30   2                      if(KeyNum==3)
  31   2                      {
  32   3                              AT24C02_WriteByte(0,Min);
  33   3                              Delay(5);
  34   3                              AT24C02_WriteByte(1,Sec);
  35   3                              Delay(5);
  36   3                              AT24C02_WriteByte(2,MiniSec);
  37   3                              Delay(5);
  38   3                      }
  39   2                      if(KeyNum==4)
  40   2                      {
  41   3                              Min=AT24C02_ReadByte(0);
  42   3                              Sec=AT24C02_ReadByte(1);
  43   3                              MiniSec=AT24C02_ReadByte(2);
  44   3                      }
  45   2                      Nixie_SetBuf(1,Min/10);
  46   2                      Nixie_SetBuf(2,Min%10);
  47   2                      Nixie_SetBuf(3,11);
  48   2                      Nixie_SetBuf(4,Sec/10);
  49   2                      Nixie_SetBuf(5,Sec%10);
  50   2                      Nixie_SetBuf(6,11);
  51   2                      Nixie_SetBuf(7,MiniSec/10);
  52   2                      Nixie_SetBuf(8,MiniSec%10);
C51 COMPILER V9.60.7.0   MAIN                                                              08/25/2024 18:40:07 PAGE 2   

  53   2                      Delay(20);
  54   2              }
  55   1      }
  56          
  57          void Sec_Loop()
  58          {
  59   1              if(RunFlag)
  60   1              {
  61   2                      MiniSec++;
  62   2                      if(MiniSec>=100)
  63   2                      {
  64   3                              MiniSec=0;
  65   3                              Sec++;
  66   3                              if(Sec>=60)
  67   3                              {
  68   4                                      Sec=0;
  69   4                                      Min++;
  70   4                                      if(Min>=60)
  71   4                                      {
  72   5                                              Min=0;
  73   5                                      }
  74   4                              }
  75   3                      }
  76   2              }
  77   1      }
  78          
  79          void Timer0_Routine() interrupt 1
  80          {
  81   1              static unsigned int T0Count1,T0Count2,T0Count3;
  82   1              TL0 = 0x66;                             //设置定时初始值//102
  83   1              TH0 = 0xFC;                             //设置定时初始值//252
  84   1              T0Count1++;
  85   1              if(T0Count1>=20)
  86   1              {
  87   2                      T0Count1=0;
  88   2                      Key_Loop();
  89   2              }
  90   1              T0Count2++;
  91   1              if(T0Count2>=2)
  92   1              {
  93   2                      T0Count2=0;
  94   2                      Nixie_Loop();
  95   2              }
  96   1              T0Count3++;
  97   1              if(T0Count3>=10)
  98   1              {
  99   2                      T0Count3=0;
 100   2                      Sec_Loop();
 101   2                      
 102   2              }
 103   1              
 104   1      }


MODULE INFORMATION:   STATIC OVERLAYABLE
   CODE SIZE        =    417    ----
   CONSTANT SIZE    =   ----    ----
   XDATA SIZE       =   ----    ----
   PDATA SIZE       =   ----    ----
   DATA SIZE        =     11    ----
   IDATA SIZE       =   ----    ----
   BIT SIZE         =   ----    ----
C51 COMPILER V9.60.7.0   MAIN                                                              08/25/2024 18:40:07 PAGE 3   

END OF MODULE INFORMATION.


C51 COMPILATION COMPLETE.  2 WARNING(S),  0 ERROR(S)
