C51 COMPILER V9.60.7.0   MAIN                                                              08/17/2024 15:37:41 PAGE 1   


C51 COMPILER V9.60.7.0, COMPILATION OF MODULE MAIN
OBJECT MODULE PLACED IN .\Objects\main.obj
COMPILER INVOKED BY: D:\Program Files\keil5\C51\BIN\C51.EXE main.c OPTIMIZE(8,SPEED) BROWSE DEBUG OBJECTEXTEND PRINT(.\L
                    -istings\main.lst) OBJECT(.\Objects\main.obj)

line level    source

   1          #include <REGX52.H>
   2          #include "Delay.h"
   3          #include "Key.h"
   4          #include "Nixie.h"
   5          #include "Buzzer.h"
   6          
   7          sbit Buzzer=P2^5;
   8          
   9          unsigned char KeyNum;
  10          
  11          void main()
  12          {
  13   1              Nixie(1,0);
  14   1              while(1)
  15   1              {
  16   2                      KeyNum=Key();
  17   2                      if(KeyNum)
  18   2                      {
  19   3                              Buzzer_Time(1000);
  20   3                              Nixie(1,KeyNum);
  21   3                      }
  22   2              }
  23   1      }


MODULE INFORMATION:   STATIC OVERLAYABLE
   CODE SIZE        =     36    ----
   CONSTANT SIZE    =   ----    ----
   XDATA SIZE       =   ----    ----
   PDATA SIZE       =   ----    ----
   DATA SIZE        =      1    ----
   IDATA SIZE       =   ----    ----
   BIT SIZE         =   ----    ----
END OF MODULE INFORMATION.


C51 COMPILATION COMPLETE.  0 WARNING(S),  0 ERROR(S)
