C51 COMPILER V9.60.7.0   DS1302                                                            08/16/2024 16:45:57 PAGE 1   


C51 COMPILER V9.60.7.0, COMPILATION OF MODULE DS1302
OBJECT MODULE PLACED IN .\Objects\DS1302.obj
COMPILER INVOKED BY: D:\Program Files\keil5\C51\BIN\C51.EXE DS1302.c OPTIMIZE(8,SPEED) BROWSE DEBUG OBJECTEXTEND PRINT(.
                    -\Listings\DS1302.lst) OBJECT(.\Objects\DS1302.obj)

line level    source

   1          #include <REGX52.H>
   2          
   3          sbit DS1302_SCLK=P3^6;
   4          sbit DS1302_IO=P3^4;
   5          sbit DS1302_CE=P3^5;
   6          
   7          #define DS1302_SECOND   0x80
   8          #define DS1302_MINUTE   0x82
   9          #define DS1302_HOUR     0x84
  10          #define DS1302_DATE     0x86
  11          #define DS1302_MONTH    0x88
  12          #define DS1302_DAY      0x8A
  13          #define DS1302_YEAR     0x8C
  14          #define DS1302_WP       0x8E
  15          
  16          char DS1302_Time[]={24,8,15,21,59,55,6};
  17          
  18          
  19          /**
  20            * @brief DS1302ÂàùÂßãÂåñ
  21            * @param Êó†
  22            * @retval Êó†
  23            */
  24          void DS1302_Init(void)
  25          {
  26   1              DS1302_CE=0;
  27   1              DS1302_SCLK=0;
  28   1      }
  29          
  30          /**
  31            * @brief ÂÜôÂÖ•Â≠óËäÇ 
  32            * @param Command ÂëΩ‰ª§Â≠óÔºåData ÂÜôËøõÂéªÁöÑÊï∞Â≠ó
  33            * @retval Êó†
  34            */
  35          void DS1302_WriteByte(unsigned char Command,Data)
  36          {
  37   1              unsigned char i;
  38   1              DS1302_CE=1;
  39   1              for(i=0;i<8;i++)
  40   1              {
  41   2                      DS1302_IO=Command&(0x01<<i);//ÂëΩ‰ª§Â≠ó
  42   2                      DS1302_SCLK=1;
  43   2                      DS1302_SCLK=0;
  44   2              }
  45   1              for(i=0;i<8;i++)//ËæìÂÖ•Êï∞ÊçÆÔºåÂú®Âæ™ÁéØÂºÄÂßãÔºåiË¢´Ê∏ÖÈõ∂
  46   1              {
  47   2                      DS1302_IO=Data&(0x01<<i);
  48   2                      DS1302_SCLK=1;
  49   2                      DS1302_SCLK=0;
  50   2              }
  51   1              DS1302_CE=0;
  52   1      }
  53          
  54          /**
C51 COMPILER V9.60.7.0   DS1302                                                            08/16/2024 16:45:57 PAGE 2   

  55            * @brief ËØªÂèñÂ≠óËäÇ 
  56            * @param Command ÂëΩ‰ª§Â≠ó
  57            * @retval Data Êõ¥Êñ∞ÂêéÁöÑÊó∂Èó¥
  58            */
  59          unsigned char DS1302_ReadByte(unsigned char Command)
  60          {
  61   1              unsigned char i,Data=0x00;
  62   1              Command|=0x01;//ÂÜôÁöÑÂú∞ÂùÄÊúÄÂêé‰∏Ä‰ΩçÁΩÆ1
  63   1              DS1302_CE=1;//ËäØÁâá‰ΩøËÉΩ
  64   1              for(i=0;i<8;i++)//ËæìÂÖ•ÂëΩ‰ª§Â≠ó
  65   1              {
  66   2                      DS1302_IO=Command&(0x01<<i);
  67   2                      DS1302_SCLK=0;
  68   2                      DS1302_SCLK=1;//ÊòØÊï∞ÊçÆÂàöÂ•ΩÂà∞Ëææ‰∏äÂçáÊ≤ø
  69   2              }
  70   1              for(i=0;i<8;i++)//ËØªÂèñÊï∞ÊçÆ
  71   1              {
  72   2                      DS1302_SCLK=1;
  73   2                      DS1302_SCLK=0;
  74   2                      if(DS1302_IO){Data|=(0x01<<i);}//IOÂè£ÊòØ1Êó∂ÔºåÁ¨¨0‰Ωç0„ÄÅ1ÈÄöËøáÊÄéÊ†∑ÁöÑ‰ΩçÊìç‰ΩúÊâçËÉΩÂæóÂà∞1Âë¢ÔºåÊ
             -òéÊòæÊòØÊàñ
  75   2              }
  76   1              DS1302_CE=0;
  77   1              DS1302_IO=0;
  78   1              return Data;
  79   1              
  80   1      }
  81          /**
  82            * @brief Â∞ÜÊï∞ÁªÑÂ≠òËøõÂØÑÂ≠òÂô®ÔºåÊó∂Èó¥ÊòØBCDÁºñÁ†Å
  83            * @param Êó†
  84            * @retval Êó†
  85            */
  86          void DS1302_SetTime(void)
  87          {
  88   1              DS1302_WriteByte(DS1302_WP,0x00);//ÂÖ≥Èó≠ÂÜô‰øùÊä§
  89   1              DS1302_WriteByte(DS1302_YEAR,DS1302_Time[0]/10*16+DS1302_Time[0]%10);
  90   1              DS1302_WriteByte(DS1302_MONTH,DS1302_Time[1]/10*16+DS1302_Time[1]%10);
  91   1              DS1302_WriteByte(DS1302_DATE,DS1302_Time[2]/10*16+DS1302_Time[2]%10);
  92   1              DS1302_WriteByte(DS1302_HOUR,DS1302_Time[3]/10*16+DS1302_Time[3]%10);
  93   1              DS1302_WriteByte(DS1302_MINUTE,DS1302_Time[4]/10*16+DS1302_Time[4]%10);
  94   1              DS1302_WriteByte(DS1302_SECOND,DS1302_Time[5]/10*16+DS1302_Time[5]%10);
  95   1              DS1302_WriteByte(DS1302_DAY,DS1302_Time[6]/10*16+DS1302_Time[6]%10);
  96   1              DS1302_WriteByte(DS1302_WP,0x80);//ÊâìÂºÄÂÜô‰øùÊä§
  97   1      
  98   1      }
  99          
 100          /**
 101            * @brief Â∞ÜËØªÂèñÂá∫Êù•ÁöÑÊó∂Èó¥Â≠òÂÖ•Êï∞ÁªÑÔºåËØªÂá∫Êù•ÁöÑÊòØBCDÁ†Å
 102            * @param Êó†
 103            * @retval Êó†
 104            */
 105          void DS1302_ReadTime(void)
 106          {
 107   1              unsigned char Temp;
 108   1              Temp=DS1302_ReadByte(DS1302_YEAR);
 109   1              DS1302_Time[0]=Temp/16*10+Temp%16;
 110   1              Temp=DS1302_ReadByte(DS1302_MONTH);
 111   1              DS1302_Time[1]=Temp/16*10+Temp%16;
 112   1              Temp=DS1302_ReadByte(DS1302_DATE);
 113   1              DS1302_Time[2]=Temp/16*10+Temp%16;
 114   1              Temp=DS1302_ReadByte(DS1302_HOUR);
 115   1              DS1302_Time[3]=Temp/16*10+Temp%16;
C51 COMPILER V9.60.7.0   DS1302                                                            08/16/2024 16:45:57 PAGE 3   

 116   1              Temp=DS1302_ReadByte(DS1302_MINUTE);
 117   1              DS1302_Time[4]=Temp/16*10+Temp%16;
 118   1              Temp=DS1302_ReadByte(DS1302_SECOND);
 119   1              DS1302_Time[5]=Temp/16*10+Temp%16;
 120   1              Temp=DS1302_ReadByte(DS1302_DAY);
 121   1              DS1302_Time[6]=Temp/16*10+Temp%16;
 122   1      }


MODULE INFORMATION:   STATIC OVERLAYABLE
   CODE SIZE        =    694    ----
   CONSTANT SIZE    =   ----    ----
   XDATA SIZE       =   ----    ----
   PDATA SIZE       =   ----    ----
   DATA SIZE        =      7       2
   IDATA SIZE       =   ----    ----
   BIT SIZE         =   ----    ----
END OF MODULE INFORMATION.


C51 COMPILATION COMPLETE.  0 WARNING(S),  0 ERROR(S)
