C51 COMPILER V9.60.7.0   MAIN                                                              08/16/2024 16:45:57 PAGE 1   


C51 COMPILER V9.60.7.0, COMPILATION OF MODULE MAIN
OBJECT MODULE PLACED IN .\Objects\main.obj
COMPILER INVOKED BY: D:\Program Files\keil5\C51\BIN\C51.EXE main.c OPTIMIZE(8,SPEED) BROWSE DEBUG OBJECTEXTEND PRINT(.\L
                    -istings\main.lst) OBJECT(.\Objects\main.obj)

line level    source

   1          #include <REGX52.H>
   2          #include "LCD1602.h"
   3          #include "DS1302.h"
   4          #include "Key.h"
   5          #include "Timer0.h"
   6          
   7          unsigned char KeyNum,MODE,TimeSetSelect,TimeSetFlashFlag;
   8          
   9          void TimeShow(void)//显示时间
  10          {
  11   1              DS1302_ReadTime();//读取DS1302内置时间
  12   1              LCD_ShowNum(1,1,DS1302_Time[0],2);
  13   1              LCD_ShowNum(1,4,DS1302_Time[1],2);
  14   1              LCD_ShowNum(1,7,DS1302_Time[2],2);
  15   1              LCD_ShowNum(2,1,DS1302_Time[3],2);
  16   1              LCD_ShowNum(2,4,DS1302_Time[4],2);
  17   1              LCD_ShowNum(2,7,DS1302_Time[5],2);
  18   1      }
  19          
  20          void TimeSet(void)
  21          {
  22   1              if(KeyNum==2)
  23   1              {
  24   2                      TimeSetSelect++;
  25   2                      TimeSetSelect%=6;
  26   2              }
  27   1              if(KeyNum==3)//对时间进行+操作
  28   1              {
  29   2                      DS1302_Time[TimeSetSelect]++;
  30   2                      if(DS1302_Time[0]>99){DS1302_Time[0]=0;}
  31   2                      if(DS1302_Time[1]>12){DS1302_Time[1]=1;}
  32   2                      if(DS1302_Time[1]==1 || DS1302_Time[1]==3 ||DS1302_Time[1]==5 || DS1302_Time[1]==7 || DS1302_Time[1]==8 
             -|| DS1302_Time[1]==10 || DS1302_Time[1]==12 )
  33   2                      {
  34   3                              if(DS1302_Time[2]>31){DS1302_Time[2]=1;}
  35   3                      }
  36   2                      else if(DS1302_Time[1]==4 ||DS1302_Time[1]==6 || DS1302_Time[1]==9 ||DS1302_Time[1]==11 )
  37   2                      {
  38   3                              if(DS1302_Time[2]>30){DS1302_Time[2]=1;}
  39   3                      }
  40   2                      else if (DS1302_Time[1]==2)
  41   2                      {
  42   3                              if(DS1302_Time[0]%4==0)
  43   3                              {
  44   4                                      if(DS1302_Time[2]>29){DS1302_Time[2]=1;}
  45   4                              }
  46   3                              else
  47   3                              {
  48   4                                      if(DS1302_Time[2]>28){DS1302_Time[2]=1;}
  49   4                              }
  50   3                      }
  51   2                      if(DS1302_Time[3]>23){DS1302_Time[3]=0;}
  52   2                      if(DS1302_Time[4]>59){DS1302_Time[4]=0;}
  53   2                      if(DS1302_Time[5]>59){DS1302_Time[5]=0;}
C51 COMPILER V9.60.7.0   MAIN                                                              08/16/2024 16:45:57 PAGE 2   

  54   2      
  55   2              }
  56   1              if(KeyNum==4)//对时间进行-操作
  57   1              {
  58   2                      DS1302_Time[TimeSetSelect]--;
  59   2                      if(DS1302_Time[0]<0){DS1302_Time[0]=99;}
  60   2                      if(DS1302_Time[1]<1){DS1302_Time[1]=12;}
  61   2                      if(DS1302_Time[1]==1 || DS1302_Time[1]==3 ||DS1302_Time[1]==5 || DS1302_Time[1]==7 || DS1302_Time[1]==8 
             -|| DS1302_Time[1]==10 || DS1302_Time[1]==12 )
  62   2                      {
  63   3                              if(DS1302_Time[2]<1){DS1302_Time[2]=31;}
  64   3                              if(DS1302_Time[2]>31){DS1302_Time[2]=1;}
  65   3      
  66   3                      }
  67   2                      else if(DS1302_Time[1]==4 ||DS1302_Time[1]==6 || DS1302_Time[1]==9 ||DS1302_Time[1]==11 )
  68   2                      {
  69   3                              if(DS1302_Time[2]<1){DS1302_Time[2]=30;}
  70   3                              if(DS1302_Time[2]>30){DS1302_Time[2]=1;}
  71   3                      }
  72   2                      else if (DS1302_Time[1]==2)
  73   2                      {
  74   3                              if(DS1302_Time[0]%4==0)
  75   3                              {
  76   4                                      if(DS1302_Time[2]<1){DS1302_Time[2]=29;}
  77   4                                      if(DS1302_Time[2]>29){DS1302_Time[2]=1;}
  78   4                              }
  79   3                              else
  80   3                              {
  81   4                                      if(DS1302_Time[2]<1){DS1302_Time[2]=28;}
  82   4                                      if(DS1302_Time[2]>28){DS1302_Time[2]=1;}
  83   4                              }
  84   3                      }
  85   2                      if(DS1302_Time[3]<0){DS1302_Time[3]=23;}
  86   2                      if(DS1302_Time[4]<0){DS1302_Time[4]=59;}
  87   2                      if(DS1302_Time[5]<0){DS1302_Time[5]=59;}
  88   2              }
  89   1              
  90   1              if(TimeSetSelect==0 && TimeSetFlashFlag==1){LCD_ShowString(1,1,"  ");}//让选择位以一秒为间隔闪
             -烁
  91   1              else {LCD_ShowNum(1,1,DS1302_Time[0],2);}
  92   1              if(TimeSetSelect==1 && TimeSetFlashFlag==1){LCD_ShowString(1,4,"  ");}
  93   1              else {LCD_ShowNum(1,4,DS1302_Time[1],2);}
  94   1              if(TimeSetSelect==2 && TimeSetFlashFlag==1){LCD_ShowString(1,7,"  ");}
  95   1              else {LCD_ShowNum(1,7,DS1302_Time[2],2);}
  96   1              if(TimeSetSelect==3 && TimeSetFlashFlag==1){LCD_ShowString(2,1,"  ");}
  97   1              else {LCD_ShowNum(2,1,DS1302_Time[3],2);}
  98   1              if(TimeSetSelect==4 && TimeSetFlashFlag==1){LCD_ShowString(2,4,"  ");}
  99   1              else {LCD_ShowNum(2,4,DS1302_Time[4],2);}
 100   1              if(TimeSetSelect==5 && TimeSetFlashFlag==1){LCD_ShowString(2,7,"  ");}
 101   1              else {LCD_ShowNum(2,7,DS1302_Time[5],2);}
 102   1              
 103   1      //      LCD_ShowNum(2,10,TimeSetSelect,1);
 104   1      //      LCD_ShowNum(2,13,TimeSetFlashFlag,2);
 105   1      
 106   1      }
 107          
 108          void main()
 109          {
 110   1              LCD_Init();
 111   1              DS1302_Init();
 112   1              Timer0_Init();
 113   1      
C51 COMPILER V9.60.7.0   MAIN                                                              08/16/2024 16:45:57 PAGE 3   

 114   1              LCD_ShowString(1,1,"  -  -  ");
 115   1              LCD_ShowString(2,1,"  :  :  ");
 116   1      
 117   1              DS1302_SetTime();
 118   1      
 119   1              while(1)
 120   1              {
 121   2                      KeyNum=Key();
 122   2                      if(KeyNum==1)
 123   2                      {
 124   3                              if(MODE==0)
 125   3                              {
 126   4                                      MODE=1;
 127   4                                      TimeSetSelect=0;//推出时间设置，将选择位置零
 128   4                              }
 129   3                              else if(MODE==1)
 130   3                              {
 131   4                                      MODE=0;
 132   4                                      DS1302_SetTime();//把新设置的时间写进去
 133   4                              }
 134   3                              
 135   3                      }
 136   2                      switch(MODE)//模式选择
 137   2                      {
 138   3                              case 0:TimeShow();break;
 139   3                              case 1:TimeSet();break;
 140   3                      }
 141   2              }
 142   1      }
 143          
 144          void Timer0_Routine() interrupt 1//定时器中断
 145          {
 146   1              static unsigned int T0Count;
 147   1              TL0 = 0x66;                             //设置定时初始值//102
 148   1              TH0 = 0xFC;                             //设置定时初始值//252
 149   1              T0Count++;
 150   1              if(T0Count>=500)
 151   1              {
 152   2                      T0Count=0;
 153   2                      TimeSetFlashFlag=!TimeSetFlashFlag;//逻辑取反
 154   2              }
 155   1      }


MODULE INFORMATION:   STATIC OVERLAYABLE
   CODE SIZE        =    969    ----
   CONSTANT SIZE    =     21    ----
   XDATA SIZE       =   ----    ----
   PDATA SIZE       =   ----    ----
   DATA SIZE        =      6    ----
   IDATA SIZE       =   ----    ----
   BIT SIZE         =   ----    ----
END OF MODULE INFORMATION.


C51 COMPILATION COMPLETE.  0 WARNING(S),  0 ERROR(S)
