C51 COMPILER V9.54   MAIN                                                                  08/29/2024 16:34:25 PAGE 1   


C51 COMPILER V9.54, COMPILATION OF MODULE MAIN
OBJECT MODULE PLACED IN .\Objects\main.obj
COMPILER INVOKED BY: D:\Program Files\Keil_v5\C51\BIN\C51.EXE main.c OPTIMIZE(8,SPEED) BROWSE DEBUG OBJECTEXTEND PRINT(.
                    -\Listings\main.lst) TABS(2) OBJECT(.\Objects\main.obj)

line level    source

   1          #include <REGX52.H>
   2          #include "Delay.h"
   3          #include "MatrixLED.h"
   4          
   5          unsigned char code Animation[]={
   6            0x00,0x00,0x00,0x00,0x00,0x00,0x00,0x00,
   7            0xFF,0x10,0x10,0x10,0xFF,0x00,0x0E,0x15,
   8            0x15,0x15,0x08,0x00,0xFF,0x01,0x02,0x00,
   9            0xFF,0x01,0x02,0x00,0x0E,0x11,0x11,0x0E,
  10            0x00,0x7D,0x00,0x00,0x00,0x00,0x00,0x00,
  11            0x00,0x00,0x00,0x00,0x00,0x00,0x00,0x00};//放入code不能更改
  12          
  13          void main()
  14          {
  15   1        unsigned char i,Offset=0,Count=0;
  16   1        MatrixLED_Init();
  17   1        while(1)
  18   1        {
  19   2          for(i=0;i<8;i++)
  20   2          {
  21   3            MatrixLED_ShowColumn(i,Animation[i+Offset]);
  22   3          }
  23   2          Count++;
  24   2          if(Count>10)
  25   2          {
  26   3            Count=0;
  27   3            Offset++;
  28   3            if(Offset>40)
  29   3            {
  30   4              Offset=0;
  31   4            }
  32   3          }
  33   2          
  34   2        }
  35   1      }


MODULE INFORMATION:   STATIC OVERLAYABLE
   CODE SIZE        =     62    ----
   CONSTANT SIZE    =     48    ----
   XDATA SIZE       =   ----    ----
   PDATA SIZE       =   ----    ----
   DATA SIZE        =   ----       3
   IDATA SIZE       =   ----    ----
   BIT SIZE         =   ----    ----
END OF MODULE INFORMATION.


C51 COMPILATION COMPLETE.  0 WARNING(S),  0 ERROR(S)
