C51 COMPILER V9.60.7.0   MAIN                                                              07/09/2024 16:32:04 PAGE 1   


C51 COMPILER V9.60.7.0, COMPILATION OF MODULE MAIN
OBJECT MODULE PLACED IN .\Objects\main.obj
COMPILER INVOKED BY: C:\Keil_v5\C51\BIN\C51.EXE main.c OPTIMIZE(8,SPEED) BROWSE DEBUG OBJECTEXTEND PRINT(.\Listings\main
                    -.lst) OBJECT(.\Objects\main.obj)

line level    source

   1          #include<REGX52.H>
   2          
   3          void Delay(unsigned int xms)    //@11.0592MHz
   4          {
   5   1              unsigned char i, j;
   6   1      
   7   1              while(xms--){
   8   2          i = 2;
   9   2              j = 199;
  10   2      
  11   2              do
  12   2              {
  13   3              while (--j);
  14   3              } while (--i);
  15   2      
  16   2        }
  17   1              
  18   1      }
  19          
  20          void main()
  21          {
  22   1              unsigned char LEDNum=0;//0000 0000
  23   1                      
  24   1              while(1)
  25   1              {
  26   2                      if(P3_1==0)
  27   2                      {
  28   3                              Delay(20);
  29   3                              while(P3_1==0);
  30   3                              Delay(20);
  31   3                              //1111 1111
  32   3                              //P2++;//0000 0000
  33   3                              LEDNum++;
  34   3                              P2=~LEDNum;
  35   3                      
  36   3                      }
  37   2              }
  38   1              
  39   1                      
  40   1              
  41   1                      
  42   1      }


MODULE INFORMATION:   STATIC OVERLAYABLE
   CODE SIZE        =     50    ----
   CONSTANT SIZE    =   ----    ----
   XDATA SIZE       =   ----    ----
   PDATA SIZE       =   ----    ----
   DATA SIZE        =   ----    ----
   IDATA SIZE       =   ----    ----
   BIT SIZE         =   ----    ----
END OF MODULE INFORMATION.


C51 COMPILATION COMPLETE.  0 WARNING(S),  0 ERROR(S)
