C51 COMPILER V9.60.7.0   DS1302                                                            08/15/2024 21:49:44 PAGE 1   


C51 COMPILER V9.60.7.0, COMPILATION OF MODULE DS1302
OBJECT MODULE PLACED IN .\Objects\DS1302.obj
COMPILER INVOKED BY: D:\Program Files\keil5\C51\BIN\C51.EXE DS1302.c OPTIMIZE(8,SPEED) BROWSE DEBUG OBJECTEXTEND PRINT(.
                    -\Listings\DS1302.lst) OBJECT(.\Objects\DS1302.obj)

line level    source

   1          #include <REGX52.H>
   2          
   3          sbit DS1302_SCLK=P3^6;
   4          sbit DS1302_IO=P3^4;
   5          sbit DS1302_CE=P3^5;
   6          
   7          #define DS1302_SECOND   0x80
   8          #define DS1302_MINUTE   0x82
   9          #define DS1302_HOUR     0x84
  10          #define DS1302_DATE     0x86
  11          #define DS1302_MONTH    0x88
  12          #define DS1302_DAY      0x8A
  13          #define DS1302_YEAR     0x8C
  14          #define DS1302_WP       0x8E
  15          
  16          unsigned char DS1302_Time[]={24,8,15,21,59,55,6};
  17          
  18          void DS1302_Init(void)
  19          {
  20   1              DS1302_CE=0;
  21   1              DS1302_SCLK=0;
  22   1      }
  23          
  24          void DS1302_WriteByte(unsigned char Command,Data)
  25          {
  26   1              unsigned char i;
  27   1              DS1302_CE=1;
  28   1              for(i=0;i<8;i++)
  29   1              {
  30   2                      DS1302_IO=Command&(0x01<<i);//å‘½ä»¤å­—
  31   2                      DS1302_SCLK=1;
  32   2                      DS1302_SCLK=0;
  33   2              }
  34   1              for(i=0;i<8;i++)//è¾“å…¥æ•°æ®ï¼Œåœ¨å¾ªçŽ¯å¼€å§‹ï¼Œiè¢«æ¸…é›¶
  35   1              {
  36   2                      DS1302_IO=Data&(0x01<<i);
  37   2                      DS1302_SCLK=1;
  38   2                      DS1302_SCLK=0;
  39   2              }
  40   1              DS1302_CE=0;
  41   1      }
  42          
  43          unsigned char DS1302_ReadByte(unsigned char Command)
  44          {
  45   1              unsigned char i,Data=0x00;
  46   1              Command|=0x01;//å†™çš„åœ°å€æœ€åŽä¸€ä½ç½®1
  47   1              DS1302_CE=1;
  48   1              for(i=0;i<8;i++)//è¾“å…¥å‘½ä»¤å­—
  49   1              {
  50   2                      DS1302_IO=Command&(0x01<<i);
  51   2                      DS1302_SCLK=0;
  52   2                      DS1302_SCLK=1;//æ˜¯æ•°æ®åˆšå¥½åˆ°è¾¾ä¸Šå‡æ²¿
  53   2              }
  54   1              for(i=0;i<8;i++)
C51 COMPILER V9.60.7.0   DS1302                                                            08/15/2024 21:49:44 PAGE 2   

  55   1              {
  56   2                      DS1302_SCLK=1;
  57   2                      DS1302_SCLK=0;
  58   2                      if(DS1302_IO){Data|=(0x01<<i);}//IOå£æ˜¯1æ—¶ï¼Œç¬¬0ä½0ã€1é€šè¿‡æ€Žæ ·çš„ä½æ“ä½œæ‰èƒ½å¾—åˆ°1å‘¢ï¼Œæ
             -˜Žæ˜¾æ˜¯æˆ–
  59   2              }
  60   1              DS1302_CE=0;
  61   1              DS1302_IO=0;
  62   1              return Data;
  63   1              
  64   1      }
  65          
  66          void DS1302_SetTime(void)
  67          {
  68   1              DS1302_WriteByte(DS1302_WP,0x00);//å…³é—­å†™ä¿æŠ¤
  69   1              DS1302_WriteByte(DS1302_YEAR,DS1302_Time[0]/10*16+DS1302_Time[0]%10);
  70   1              DS1302_WriteByte(DS1302_MONTH,DS1302_Time[1]/10*16+DS1302_Time[1]%10);
  71   1              DS1302_WriteByte(DS1302_DATE,DS1302_Time[2]/10*16+DS1302_Time[2]%10);
  72   1              DS1302_WriteByte(DS1302_HOUR,DS1302_Time[3]/10*16+DS1302_Time[3]%10);
  73   1              DS1302_WriteByte(DS1302_MINUTE,DS1302_Time[4]/10*16+DS1302_Time[4]%10);
  74   1              DS1302_WriteByte(DS1302_SECOND,DS1302_Time[5]/10*16+DS1302_Time[5]%10);
  75   1              DS1302_WriteByte(DS1302_DAY,DS1302_Time[6]/10*16+DS1302_Time[6]%10);
  76   1              DS1302_WriteByte(DS1302_WP,0x80);//æ‰“å¼€å†™ä¿æŠ¤
  77   1      
  78   1      }
  79          void DS1302_ReadTime(void)
  80          {
  81   1              unsigned char Temp;
  82   1              Temp=DS1302_ReadByte(DS1302_YEAR);
  83   1              DS1302_Time[0]=Temp/16*10+Temp%16;
  84   1              Temp=DS1302_ReadByte(DS1302_MONTH);
  85   1              DS1302_Time[1]=Temp/16*10+Temp%16;
  86   1              Temp=DS1302_ReadByte(DS1302_DATE);
  87   1              DS1302_Time[2]=Temp/16*10+Temp%16;
  88   1              Temp=DS1302_ReadByte(DS1302_HOUR);
  89   1              DS1302_Time[3]=Temp/16*10+Temp%16;
  90   1              Temp=DS1302_ReadByte(DS1302_MINUTE);
  91   1              DS1302_Time[4]=Temp/16*10+Temp%16;
  92   1              Temp=DS1302_ReadByte(DS1302_SECOND);
  93   1              DS1302_Time[5]=Temp/16*10+Temp%16;
  94   1              Temp=DS1302_ReadByte(DS1302_DAY);
  95   1              DS1302_Time[6]=Temp/16*10+Temp%16;
  96   1      
  97   1              
  98   1      }


MODULE INFORMATION:   STATIC OVERLAYABLE
   CODE SIZE        =    551    ----
   CONSTANT SIZE    =   ----    ----
   XDATA SIZE       =   ----    ----
   PDATA SIZE       =   ----    ----
   DATA SIZE        =      7       2
   IDATA SIZE       =   ----    ----
   BIT SIZE         =   ----    ----
END OF MODULE INFORMATION.


C51 COMPILATION COMPLETE.  0 WARNING(S),  0 ERROR(S)
