C51 COMPILER V9.60.7.0   MAIN                                                              08/15/2024 21:53:29 PAGE 1   


C51 COMPILER V9.60.7.0, COMPILATION OF MODULE MAIN
OBJECT MODULE PLACED IN .\Objects\main.obj
COMPILER INVOKED BY: D:\Program Files\keil5\C51\BIN\C51.EXE main.c OPTIMIZE(8,SPEED) BROWSE DEBUG OBJECTEXTEND PRINT(.\L
                    -istings\main.lst) OBJECT(.\Objects\main.obj)

line level    source

   1          #include <REGX52.H>
   2          #include "LCD1602.h"
   3          #include "DS1302.h"
   4          
   5          
   6          void main()
   7          {
   8   1              LCD_Init();
   9   1              DS1302_Init();
  10   1      //      DS1302_WriteByte(0x8E,0x00);//写保护，需要将8E寄存器第7位WP先置零
  11   1              LCD_ShowString(1,1,"  -  -  ");
  12   1              LCD_ShowString(2,1,"  :  :  ");
  13   1      
  14   1              DS1302_SetTime();
  15   1      
  16   1              while(1)
  17   1              {
  18   2                      DS1302_ReadTime();
  19   2                      LCD_ShowNum(1,1,DS1302_Time[0],2);
  20   2                      LCD_ShowNum(1,4,DS1302_Time[1],2);
  21   2                      LCD_ShowNum(1,7,DS1302_Time[2],2);
  22   2                      LCD_ShowNum(2,1,DS1302_Time[3],2);
  23   2                      LCD_ShowNum(2,4,DS1302_Time[4],2);
  24   2                      LCD_ShowNum(2,7,DS1302_Time[5],2);
  25   2      //              Second=DS1302_ReadByte(0x81);
  26   2      //              Minute=DS1302_ReadByte(0x83);
  27   2      //              LCD_ShowNum(2,3,Second/16*10+Second%16,2);
  28   2      //              LCD_ShowNum(2,1,Minute/16*10+Minute%16,2);
  29   2                      
  30   2                      
  31   2              }
  32   1      }


MODULE INFORMATION:   STATIC OVERLAYABLE
   CODE SIZE        =    130    ----
   CONSTANT SIZE    =     18    ----
   XDATA SIZE       =   ----    ----
   PDATA SIZE       =   ----    ----
   DATA SIZE        =   ----    ----
   IDATA SIZE       =   ----    ----
   BIT SIZE         =   ----    ----
END OF MODULE INFORMATION.


C51 COMPILATION COMPLETE.  0 WARNING(S),  0 ERROR(S)
