C51 COMPILER V9.60.7.0   UART                                                              08/11/2024 16:03:36 PAGE 1   


C51 COMPILER V9.60.7.0, COMPILATION OF MODULE UART
OBJECT MODULE PLACED IN .\Objects\UART.obj
COMPILER INVOKED BY: D:\Program Files\keil5\C51\BIN\C51.EXE UART.c OPTIMIZE(8,SPEED) BROWSE DEBUG OBJECTEXTEND PRINT(.\L
                    -istings\UART.lst) OBJECT(.\Objects\UART.obj)

line level    source

   1          #include <REGX52.H>
   2          /**
   3            * @brief 串口初始化，4800bps@11.0592MHz
   4            * @param      无
   5            * @retval 无
   6            */
   7          void Uart1_Init(void)   //
   8          {
   9   1              PCON &= 0x7F;           //波特率不倍速
  10   1              SCON = 0x50;            //8位数据,可变波特率
  11   1              TMOD &= 0x0F;           //设置定时器模式
  12   1              TMOD |= 0x20;           //设置定时器模式
  13   1              TL1 = 0xFA;                     //设置定时初始值
  14   1              TH1 = 0xFA;                     //设置定时重载值
  15   1              ET1 = 0;                        //禁止定时器中断
  16   1              TR1 = 1;                        //定时器1开始计时
  17   1      }
  18          /**
  19            * @brief 串口发送一个字节数据
  20            * @param Byte要发送的一个字节数据
  21            * @retval
  22            */
  23          void UART_SendByte(unsigned char Byte)
  24          {
  25   1              SBUF=Byte;
  26   1              while(TI==0);
  27   1              TI=0;
  28   1      }
  29          //void UART_Init()
  30          //{
  31          //      SCON=0x40;
  32          //      PCON=0;                                 //默认定时器为1
  33          //      TMOD &= 0x0F;                   //设置定时器模式
  34          //      TMOD |= 0x20;                   //设置定时器模式
  35          //      TL1 = 0x66;                             //设置定时初始值
  36          //      TH1 = 0xFC;                             //设置定时初始值
  37          //      TF1 = 0;                                //清除TF0标志
  38          //      TR1 = 1;                                //定时器0开始计时
  39          
  40          //}


MODULE INFORMATION:   STATIC OVERLAYABLE
   CODE SIZE        =     31    ----
   CONSTANT SIZE    =   ----    ----
   XDATA SIZE       =   ----    ----
   PDATA SIZE       =   ----    ----
   DATA SIZE        =   ----    ----
   IDATA SIZE       =   ----    ----
   BIT SIZE         =   ----    ----
END OF MODULE INFORMATION.


C51 COMPILATION COMPLETE.  0 WARNING(S),  0 ERROR(S)
