C51 COMPILER V9.60.7.0   MAIN                                                              08/28/2024 13:44:52 PAGE 1   


C51 COMPILER V9.60.7.0, COMPILATION OF MODULE MAIN
OBJECT MODULE PLACED IN .\Objects\main.obj
COMPILER INVOKED BY: D:\Program Files\keil5\C51\BIN\C51.EXE main.c OPTIMIZE(8,SPEED) BROWSE DEBUG OBJECTEXTEND PRINT(.\L
                    -istings\main.lst) OBJECT(.\Objects\main.obj)

line level    source

   1          #include <REGX52.H>
   2          #include "Delay.h"
   3          #include "Key.h"
   4          #include "Nixie.h"
   5          #include "Timer0.h"
   6          
   7          //sbit LED=P2^0;
   8          sbit DA=P1^0;
   9          
  10          unsigned char Counter,Compare;
  11          unsigned char i;
  12          
  13          void main()
  14          {
  15   1              Timer0_Init();
  16   1              while(1)
  17   1              {
  18   2                      for(i=0;i<100;i++)
  19   2                      {
  20   3                              Compare=i;
  21   3                              Delay(10);
  22   3                      }
  23   2                      for(i=100;i>0;i--)
  24   2                      {
  25   3                              Compare=i;
  26   3                              Delay(10);
  27   3                      }
  28   2              }
  29   1      }
  30          
  31          
  32          void Timer0_Routine() interrupt 1
  33          {
  34   1              TL0 = 0xA4;                             //设置定时初始值
  35   1              TH0 = 0xFF;                             //设置定时初始值
  36   1              Counter++;
  37   1              Counter%=100;
  38   1              if(Counter<Compare)
  39   1              {
  40   2                      DA=0;//LED=0;
  41   2              }
  42   1              else
  43   1              {
  44   2                      DA=1;//LED=1;
  45   2              }
  46   1      }


MODULE INFORMATION:   STATIC OVERLAYABLE
   CODE SIZE        =     92    ----
   CONSTANT SIZE    =   ----    ----
   XDATA SIZE       =   ----    ----
   PDATA SIZE       =   ----    ----
   DATA SIZE        =      3    ----
C51 COMPILER V9.60.7.0   MAIN                                                              08/28/2024 13:44:52 PAGE 2   

   IDATA SIZE       =   ----    ----
   BIT SIZE         =   ----    ----
END OF MODULE INFORMATION.


C51 COMPILATION COMPLETE.  0 WARNING(S),  0 ERROR(S)
