C51 COMPILER V9.60.7.0   MAIN                                                              08/27/2024 12:27:09 PAGE 1   


C51 COMPILER V9.60.7.0, COMPILATION OF MODULE MAIN
OBJECT MODULE PLACED IN .\Objects\main.obj
COMPILER INVOKED BY: D:\Program Files\keil5\C51\BIN\C51.EXE main.c OPTIMIZE(8,SPEED) BROWSE DEBUG OBJECTEXTEND PRINT(.\L
                    -istings\main.lst) OBJECT(.\Objects\main.obj)

line level    source

   1          #include <REGX52.H>
   2          #include "LCD1602.h"
   3          #include "OneWire.h"
   4          #include "DS18B20.h"
   5          #include "Delay.h"
   6          
   7          float T;
   8          
   9          void main()
  10          {
  11   1              LCD_Init();
  12   1              LCD_ShowString(1,1,"Temperature:");
  13   1              
  14   1              while(1)
  15   1              {
  16   2                      DS18B20_ConvertT();
  17   2                      Delay(1000);
  18   2                      T=DS18B20_ReadT();
  19   2                      if(T<0)
  20   2                      {
  21   3                              LCD_ShowChar(2,1,'-');
  22   3                              T=-T;
  23   3                      }
  24   2                      else
  25   2                      {
  26   3                              LCD_ShowChar(2,1,'+');
  27   3                      }
  28   2                      LCD_ShowNum(2,2,T,3);
  29   2                      LCD_ShowChar(2,5,'.');
  30   2                      LCD_ShowNum(2,6,(unsigned long)(T*10000)%10000,4);
  31   2                      
  32   2              }
  33   1      }


MODULE INFORMATION:   STATIC OVERLAYABLE
   CODE SIZE        =    173    ----
   CONSTANT SIZE    =     13    ----
   XDATA SIZE       =   ----    ----
   PDATA SIZE       =   ----    ----
   DATA SIZE        =      4    ----
   IDATA SIZE       =   ----    ----
   BIT SIZE         =   ----    ----
END OF MODULE INFORMATION.


C51 COMPILATION COMPLETE.  0 WARNING(S),  0 ERROR(S)
