C51 COMPILER V9.60.7.0   ONEWIRE                                                           08/26/2024 23:34:51 PAGE 1   


C51 COMPILER V9.60.7.0, COMPILATION OF MODULE ONEWIRE
OBJECT MODULE PLACED IN .\Objects\OneWire.obj
COMPILER INVOKED BY: D:\Program Files\keil5\C51\BIN\C51.EXE OneWire.c OPTIMIZE(8,SPEED) BROWSE DEBUG OBJECTEXTEND PRINT(
                    -.\Listings\OneWire.lst) OBJECT(.\Objects\OneWire.obj)

line level    source

   1          #include <REGX52.H>
   2          
   3          sbit OneWire_DQ=P3^7;
   4          
   5          /**
   6            * @brief OneWire初始化
   7            * @param 无
   8            * @retval AckBit 应答位
   9            */
  10          unsigned char OneWire_Init(void)
  11          {
  12   1              unsigned char data i;
  13   1              unsigned char AckBit;
  14   1              
  15   1              OneWire_DQ=1;
  16   1              OneWire_DQ=0;
  17   1              i = 227;while (--i);//Delay 500us
  18   1              OneWire_DQ=1;
  19   1              i = 29;while (--i);//Delay 70us
  20   1              AckBit=OneWire_DQ;//从机拉低总线后会自动释放总线
  21   1              i=227;while(--i);//Delay 500us
  22   1              return AckBit;
  23   1      }
  24          
  25          /**
  26            * @brief OneWire 发送一位
  27            * @param Bit要发送的数据
  28            * @retval 无
  29            */
  30          void OneWire_SendBit(unsigned char Bit)
  31          {
  32   1      
  33   1              unsigned char data i;
  34   1      
  35   1              OneWire_DQ=0;
  36   1              i = 3;while (--i);//Delay10us
  37   1              OneWire_DQ=Bit;
  38   1              i = 22;while (--i);//Delay50us
  39   1              OneWire_DQ=1;
  40   1      }
  41          
  42          /**
  43            * @brief OneWire接受一位
  44            * @param 无
  45            * @retval bit接收到的数据
  46            */
  47          unsigned char OneWire_ReceiveBit(void)
  48          {
  49   1              unsigned char Bit;
  50   1              unsigned char i;
  51   1              
  52   1              OneWire_DQ=0;
  53   1              i = 1;while (--i);//Delay5us
  54   1              OneWire_DQ=1;
C51 COMPILER V9.60.7.0   ONEWIRE                                                           08/26/2024 23:34:51 PAGE 2   

  55   1              i = 1;while (--i);//Delay5us
  56   1              Bit=OneWire_DQ;
  57   1              i = 20;while (--i);//Delay50us
  58   1              return Bit;
  59   1      }
  60          
  61          /**
  62            * @brief OneWire发送一个字节
  63            * @param Byte 要发送的字节
  64            * @retval 无
  65            */
  66          void OneWire_SendByte(unsigned char Byte)
  67          {
  68   1              unsigned char i;
  69   1              for(i=0;i<8;i++)
  70   1              {
  71   2                      OneWire_SendBit(Byte&(0x01<<i));
  72   2              }
  73   1      }
  74          
  75          /**
  76            * @brief OneWire接收一个字节
  77            * @param 无
  78            * @retval Byte要接收的数据
  79            */
  80          unsigned char OneWire_ReceiveByte(void)
  81          {
  82   1              unsigned char i;
  83   1              unsigned char Byte=0x00;
  84   1              for(i=0;i<8;i++)
  85   1              {
  86   2                      if(OneWire_ReceiveBit()){Byte|=(0x01<<i);}
  87   2              }
  88   1              return Byte;
  89   1      }


MODULE INFORMATION:   STATIC OVERLAYABLE
   CODE SIZE        =    122    ----
   CONSTANT SIZE    =   ----    ----
   XDATA SIZE       =   ----    ----
   PDATA SIZE       =   ----    ----
   DATA SIZE        =   ----    ----
   IDATA SIZE       =   ----    ----
   BIT SIZE         =   ----    ----
END OF MODULE INFORMATION.


C51 COMPILATION COMPLETE.  0 WARNING(S),  0 ERROR(S)
