C51 COMPILER V9.54   MAIN                                                                  09/11/2024 18:29:51 PAGE 1   


C51 COMPILER V9.54, COMPILATION OF MODULE MAIN
OBJECT MODULE PLACED IN .\Objects\main.obj
COMPILER INVOKED BY: D:\Program Files\Keil_v5\C51\BIN\C51.EXE main.c OPTIMIZE(8,SPEED) BROWSE DEBUG OBJECTEXTEND PRINT(.
                    -\Listings\main.lst) OBJECT(.\Objects\main.obj)

line level    source

   1          #include <REGX52.H>
   2          #include "Timer0.h"
   3          #include "Key.h"
   4          #include <INTRINS.H>
   5          //void Timer0_Init()
   6          //{
   7          ////    TMOD=0x01;//0000 0001
   8          //      TMOD&=0xF0;//把TMOD低四位清零，高四位保持不变
   9          //      TMOD|=0x01;//按位或，任何数或上0等于任何数前，前7位不变，最后一位为1
  10          //      TF0=0;
  11          //      TR0=1;
  12          //      TH0=64613/256;
  13          //      TL0=64613%256;//101
  14          //      ET0=1;
  15          //      EA=1;
  16          //      PT0=0;
  17          //}
  18          
  19          unsigned char KeyNum,LEDMode;
  20          
  21          void main()
  22          {
  23   1              P2=0xFE;
  24   1              Timer0_Init();
  25   1              
  26   1              while(1)
  27   1              {
  28   2                      KeyNum=Key();
  29   2                      if(KeyNum)
  30   2                      {
  31   3                              if(KeyNum==1) 
  32   3                              {
  33   4                                      LEDMode++;
  34   4                                      if(LEDMode>=2)
  35   4                                              LEDMode=0;//让LED在0、1之间变化
  36   4                              }
  37   3                              
  38   3                              
  39   3                      }
  40   2              }
  41   1      }
  42          
  43          void Timer0_Routine() interrupt 1
  44          {
  45   1              static unsigned int T0count;//静态局部变量，否则每次进入函数就会清零
  46   1              TL0 = 0x66;                             //设置定时初始值//102
  47   1              TH0 = 0xFC;                             //设置定时初始值//252
  48   1              T0count++;
  49   1              if(T0count>=500)
  50   1              {
  51   2                      T0count=0;
  52   2                      if(LEDMode==0)
  53   2                              P2=_crol_(P2,1);
  54   2                      if(LEDMode==1)
C51 COMPILER V9.54   MAIN                                                                  09/11/2024 18:29:51 PAGE 2   

  55   2                              P2=_cror_(P2,1);
  56   2              }
  57   1      }


MODULE INFORMATION:   STATIC OVERLAYABLE
   CODE SIZE        =    116    ----
   CONSTANT SIZE    =   ----    ----
   XDATA SIZE       =   ----    ----
   PDATA SIZE       =   ----    ----
   DATA SIZE        =      4    ----
   IDATA SIZE       =   ----    ----
   BIT SIZE         =   ----    ----
END OF MODULE INFORMATION.


C51 COMPILATION COMPLETE.  0 WARNING(S),  0 ERROR(S)
