C51 COMPILER V9.60.7.0   MAIN                                                              08/27/2024 16:56:40 PAGE 1   


C51 COMPILER V9.60.7.0, COMPILATION OF MODULE MAIN
OBJECT MODULE PLACED IN .\Objects\main.obj
COMPILER INVOKED BY: D:\Program Files\keil5\C51\BIN\C51.EXE main.c OPTIMIZE(8,SPEED) BROWSE DEBUG OBJECTEXTEND PRINT(.\L
                    -istings\main.lst) OBJECT(.\Objects\main.obj)

line level    source

   1          #include <REGX52.H>
   2          #include "LCD1602.h"
   3          #include "Delay.h"
   4          
   5          void main()
   6          {
   7   1              LCD_Init();
   8   1              LCD_ShowChar(1,1,'s');
   9   1              LCD_ShowString(2,1,"Hello");
  10   1              LCD_ShowNum(1,3,65,2);
  11   1              LCD_ShowSignedNum(1,6,-88,2);
  12   1              LCD_ShowHexNum(1,12,0xA5,2);
  13   1              LCD_ShowBinNum(2,8,0xA5,8);
  14   1              LCD_ShowChar(1,10,0xDF);
  15   1              LCD_ShowString(1,16,"Welcome to China");
  16   1      
  17   1      
  18   1              while(1)
  19   1              {
  20   2                      LCD_WriteCommand(0x18);
  21   2                      Delay(1000);
  22   2              }
  23   1      }


MODULE INFORMATION:   STATIC OVERLAYABLE
   CODE SIZE        =    117    ----
   CONSTANT SIZE    =     23    ----
   XDATA SIZE       =   ----    ----
   PDATA SIZE       =   ----    ----
   DATA SIZE        =   ----    ----
   IDATA SIZE       =   ----    ----
   BIT SIZE         =   ----    ----
END OF MODULE INFORMATION.


C51 COMPILATION COMPLETE.  0 WARNING(S),  0 ERROR(S)
