C51 COMPILER V9.60.7.0   MAIN                                                              08/10/2024 16:48:17 PAGE 1   


C51 COMPILER V9.60.7.0, COMPILATION OF MODULE MAIN
OBJECT MODULE PLACED IN .\Objects\main.obj
COMPILER INVOKED BY: D:\Program Files\keil5\C51\BIN\C51.EXE main.c OPTIMIZE(8,SPEED) BROWSE DEBUG OBJECTEXTEND PRINT(.\L
                    -istings\main.lst) OBJECT(.\Objects\main.obj)

line level    source

   1          #include <REGX52.H>
   2          #include "Delay.h"
   3          #include "LCD1602.h"
   4          #include "Timer0.h"
   5          
   6          unsigned char Sec=55,Min=59,Hour=23;
   7          
   8          void main()
   9          {
  10   1              LCD_Init();
  11   1              Timer0_Init();
  12   1              
  13   1              LCD_ShowString(1,1,"Clock:");
  14   1              LCD_ShowString(2,1,"  :  :");
  15   1      
  16   1              while(1)
  17   1              {
  18   2                      LCD_ShowNum(2,1,Hour,2);
  19   2                      LCD_ShowNum(2,4,Min,2);
  20   2                      LCD_ShowNum(2,7,Sec,2);
  21   2      
  22   2      
  23   2              }
  24   1      }
  25          
  26          void Timer0_Routine() interrupt 1
  27          {
  28   1              static unsigned int T0count;//静态局部变量，否则每次进入函数就会清零
  29   1              TL0 = 0x66;                             //设置定时初始值//102
  30   1              TH0 = 0xFC;                             //设置定时初始值//252
  31   1              T0count++;
  32   1              if(T0count>=1000)
  33   1              {
  34   2                      T0count=0;
  35   2                      Sec++;
  36   2                      if(Sec>=60)
  37   2                      {
  38   3                              Sec=0;
  39   3                              Min++;
  40   3                              if(Min>=60)
  41   3                              {
  42   4                                      Min=0;
  43   4                                      Hour++;
  44   4                                      if(Hour>=24)
  45   4                                      {
  46   5                                              Hour=0;
  47   5                                      }
  48   4                              }
  49   3                      }
  50   2              }
  51   1      }


MODULE INFORMATION:   STATIC OVERLAYABLE
C51 COMPILER V9.60.7.0   MAIN                                                              08/10/2024 16:48:17 PAGE 2   

   CODE SIZE        =    150    ----
   CONSTANT SIZE    =     14    ----
   XDATA SIZE       =   ----    ----
   PDATA SIZE       =   ----    ----
   DATA SIZE        =      5    ----
   IDATA SIZE       =   ----    ----
   BIT SIZE         =   ----    ----
END OF MODULE INFORMATION.


C51 COMPILATION COMPLETE.  0 WARNING(S),  0 ERROR(S)
