C51 COMPILER V9.60.7.0   MAIN                                                              07/25/2024 11:44:06 PAGE 1   


C51 COMPILER V9.60.7.0, COMPILATION OF MODULE MAIN
OBJECT MODULE PLACED IN .\Objects\main.obj
COMPILER INVOKED BY: C:\Keil_v5\C51\BIN\C51.EXE main.c OPTIMIZE(8,SPEED) BROWSE DEBUG OBJECTEXTEND PRINT(.\Listings\main
                    -.lst) OBJECT(.\Objects\main.obj)

line level    source

   1          #include <REGX52.H>
   2          unsigned char NixieTable[]={0x3F,0x06,0x5B,0x4F,0x66,0x6D,0x7D,0x07,0x7F,0x6F};
   3          void Delay(unsigned int xms)    //@11.0592MHz
   4          {
   5   1              unsigned char data i, j;
   6   1              
   7   1              while(xms--)
   8   1              {
   9   2                      i = 2;
  10   2              j = 199;
  11   2              do
  12   2              {
  13   3                      while (--j);
  14   3              } while (--i);
  15   2              }
  16   1              
  17   1      }
  18          
  19          void Nixie(unsigned char Location,Number)
  20          {
  21   1              switch(Location)
  22   1              {
  23   2                      case 1:P2_4=1;P2_3=1;P2_2=1;break;
  24   2                      case 2:P2_4=1;P2_3=1;P2_2=0;break;
  25   2                      case 3:P2_4=1;P2_3=0;P2_2=1;break;
  26   2                      case 4:P2_4=1;P2_3=0;P2_2=0;break;
  27   2                      case 5:P2_4=0;P2_3=1;P2_2=1;break;
  28   2                      case 6:P2_4=0;P2_3=1;P2_2=0;break;
  29   2                      case 7:P2_4=0;P2_3=0;P2_2=1;break;
  30   2                      case 8:P2_4=0;P2_3=0;P2_2=0;break;
  31   2              }
  32   1              P0=NixieTable[Number];
  33   1              Delay(1);
  34   1              P0=0x00;
  35   1      }
  36          void main()
  37          {
  38   1              while(1)
  39   1              {
  40   2                      Nixie(1,1);
  41   2      //              Delay(200);
  42   2                      Nixie(2,2);
  43   2      //              Delay(200);
  44   2                      Nixie(3,3);
  45   2      //              Delay(200);
  46   2                      Nixie(4,4);
  47   2      //              Delay(200);
  48   2                      Nixie(5,5);
  49   2      //              Delay(200);
  50   2              }
  51   1      }


MODULE INFORMATION:   STATIC OVERLAYABLE
C51 COMPILER V9.60.7.0   MAIN                                                              07/25/2024 11:44:06 PAGE 2   

   CODE SIZE        =    177    ----
   CONSTANT SIZE    =   ----    ----
   XDATA SIZE       =   ----    ----
   PDATA SIZE       =   ----    ----
   DATA SIZE        =     10    ----
   IDATA SIZE       =   ----    ----
   BIT SIZE         =   ----    ----
END OF MODULE INFORMATION.


C51 COMPILATION COMPLETE.  0 WARNING(S),  0 ERROR(S)
